  big.cpp
  bn_pair.cpp
C:\Users\YoungBeom\source\repos\MIRACL-master\source\curve\pairing\bn_pair.cpp(157,8): warning C4101: 'j' :참조되지 않은 지역 변수입니다.
C:\Users\YoungBeom\source\repos\MIRACL-master\source\curve\pairing\bn_pair.cpp(202,6): warning C4101: 'i' :참조되지 않은 지역 변수입니다.
C:\Users\YoungBeom\source\repos\MIRACL-master\source\curve\pairing\bn_pair.cpp(250,11): warning C4101: 'j' :참조되지 않은 지역 변수입니다.
C:\Users\YoungBeom\source\repos\MIRACL-master\source\curve\pairing\bn_pair.cpp(623,17): warning C4101: 'nzs' :참조되지 않은 지역 변수입니다.
C:\Users\YoungBeom\source\repos\MIRACL-master\source\curve\pairing\bn_pair.cpp(623,13): warning C4101: 'nbw' :참조되지 않은 지역 변수입니다.
C:\Users\YoungBeom\source\repos\MIRACL-master\source\curve\pairing\bn_pair.cpp(1088,9): warning C4101: 'i' :참조되지 않은 지역 변수입니다.
C:\Users\YoungBeom\source\repos\MIRACL-master\source\curve\pairing\bn_pair.cpp(1106,9): warning C4101: 'i' :참조되지 않은 지역 변수입니다.
  ecn2.cpp
  zzn12a.cpp
  zzn2.cpp
  zzn4.cpp
  ecn.cpp
  zzn.cpp
  function.cpp
C:\Users\YoungBeom\source\repos\Project_CloudService\Project_CloudService\header.h(43,1): warning C4005: 'TRUE': 매크로 재정의
C:\Users\YoungBeom\source\repos\MIRACL-master\include\miracl.h(214): message : 'TRUE'의 이전 정의를 참조하십시오.
C:\Users\YoungBeom\source\repos\Project_CloudService\Project_CloudService\header.h(44,1): warning C4005: 'FALSE': 매크로 재정의
C:\Users\YoungBeom\source\repos\MIRACL-master\include\miracl.h(217): message : 'FALSE'의 이전 정의를 참조하십시오.
C:\Users\YoungBeom\source\repos\Project_CloudService\Project_CloudService\function.cpp(307,8): warning C4101: 'file_pointer' :참조되지 않은 지역 변수입니다.
  main.cpp
C:\Users\YoungBeom\source\repos\Project_CloudService\Project_CloudService\header.h(43,1): warning C4005: 'TRUE': 매크로 재정의
C:\Users\YoungBeom\source\repos\MIRACL-master\include\miracl.h(214): message : 'TRUE'의 이전 정의를 참조하십시오.
C:\Users\YoungBeom\source\repos\Project_CloudService\Project_CloudService\header.h(44,1): warning C4005: 'FALSE': 매크로 재정의
C:\Users\YoungBeom\source\repos\MIRACL-master\include\miracl.h(217): message : 'FALSE'의 이전 정의를 참조하십시오.
  코드를 생성하고 있습니다...
miracl.lib(mrcore.obj) : warning LNK4075: '/EDITANDCONTINUE'이(가) '/OPT:ICF' 사양으로 인해 무시됩니다.
LINK : warning LNK4098: 'MSVCRTD' defaultlib가 다른 라이브러리와 충돌합니다. /NODEFAULTLIB:library를 사용하십시오.
  LINK : /LTCG를 지정했지만 코드를 생성할 필요가 없습니다. 명령줄에서 /LTCG를 제거하면 링커 성능이 향상됩니다.
miracl.lib(mraes.obj) : warning LNK4099: 'Miracl_StaticLib1.pdb' PDB를 'miracl.lib(mraes.obj)' 또는 'C:\Users\YoungBeom\source\repos\Project_CloudService\Release\Miracl_StaticLib1.pdb'에서 찾을 수 없습니다. 디버그 정보가 없는 것처럼 개체를 링크합니다.
miracl.lib(mralloc.obj) : warning LNK4099: 'Miracl_StaticLib1.pdb' PDB를 'miracl.lib(mralloc.obj)' 또는 'C:\Users\YoungBeom\source\repos\Project_CloudService\Release\Miracl_StaticLib1.pdb'에서 찾을 수 없습니다. 디버그 정보가 없는 것처럼 개체를 링크합니다.
miracl.lib(mrarth0.obj) : warning LNK4099: 'Miracl_StaticLib1.pdb' PDB를 'miracl.lib(mrarth0.obj)' 또는 'C:\Users\YoungBeom\source\repos\Project_CloudService\Release\Miracl_StaticLib1.pdb'에서 찾을 수 없습니다. 디버그 정보가 없는 것처럼 개체를 링크합니다.
miracl.lib(mrarth1.obj) : warning LNK4099: 'Miracl_StaticLib1.pdb' PDB를 'miracl.lib(mrarth1.obj)' 또는 'C:\Users\YoungBeom\source\repos\Project_CloudService\Release\Miracl_StaticLib1.pdb'에서 찾을 수 없습니다. 디버그 정보가 없는 것처럼 개체를 링크합니다.
miracl.lib(mrarth2.obj) : warning LNK4099: 'Miracl_StaticLib1.pdb' PDB를 'miracl.lib(mrarth2.obj)' 또는 'C:\Users\YoungBeom\source\repos\Project_CloudService\Release\Miracl_StaticLib1.pdb'에서 찾을 수 없습니다. 디버그 정보가 없는 것처럼 개체를 링크합니다.
miracl.lib(mrarth3.obj) : warning LNK4099: 'Miracl_StaticLib1.pdb' PDB를 'miracl.lib(mrarth3.obj)' 또는 'C:\Users\YoungBeom\source\repos\Project_CloudService\Release\Miracl_StaticLib1.pdb'에서 찾을 수 없습니다. 디버그 정보가 없는 것처럼 개체를 링크합니다.
miracl.lib(mrbits.obj) : warning LNK4099: 'Miracl_StaticLib1.pdb' PDB를 'miracl.lib(mrbits.obj)' 또는 'C:\Users\YoungBeom\source\repos\Project_CloudService\Release\Miracl_StaticLib1.pdb'에서 찾을 수 없습니다. 디버그 정보가 없는 것처럼 개체를 링크합니다.
miracl.lib(mrbuild.obj) : warning LNK4099: 'Miracl_StaticLib1.pdb' PDB를 'miracl.lib(mrbuild.obj)' 또는 'C:\Users\YoungBeom\source\repos\Project_CloudService\Release\Miracl_StaticLib1.pdb'에서 찾을 수 없습니다. 디버그 정보가 없는 것처럼 개체를 링크합니다.
miracl.lib(mrcore.obj) : warning LNK4099: 'Miracl_StaticLib1.pdb' PDB를 'miracl.lib(mrcore.obj)' 또는 'C:\Users\YoungBeom\source\repos\Project_CloudService\Release\Miracl_StaticLib1.pdb'에서 찾을 수 없습니다. 디버그 정보가 없는 것처럼 개체를 링크합니다.
miracl.lib(mrcurve.obj) : warning LNK4099: 'Miracl_StaticLib1.pdb' PDB를 'miracl.lib(mrcurve.obj)' 또는 'C:\Users\YoungBeom\source\repos\Project_CloudService\Release\Miracl_StaticLib1.pdb'에서 찾을 수 없습니다. 디버그 정보가 없는 것처럼 개체를 링크합니다.
miracl.lib(mrec2m.obj) : warning LNK4099: 'Miracl_StaticLib1.pdb' PDB를 'miracl.lib(mrec2m.obj)' 또는 'C:\Users\YoungBeom\source\repos\Project_CloudService\Release\Miracl_StaticLib1.pdb'에서 찾을 수 없습니다. 디버그 정보가 없는 것처럼 개체를 링크합니다.
miracl.lib(mrecn2.obj) : warning LNK4099: 'Miracl_StaticLib1.pdb' PDB를 'miracl.lib(mrecn2.obj)' 또는 'C:\Users\YoungBeom\source\repos\Project_CloudService\Release\Miracl_StaticLib1.pdb'에서 찾을 수 없습니다. 디버그 정보가 없는 것처럼 개체를 링크합니다.
miracl.lib(mrfast.obj) : warning LNK4099: 'Miracl_StaticLib1.pdb' PDB를 'miracl.lib(mrfast.obj)' 또는 'C:\Users\YoungBeom\source\repos\Project_CloudService\Release\Miracl_StaticLib1.pdb'에서 찾을 수 없습니다. 디버그 정보가 없는 것처럼 개체를 링크합니다.
miracl.lib(mrflash.obj) : warning LNK4099: 'Miracl_StaticLib1.pdb' PDB를 'miracl.lib(mrflash.obj)' 또는 'C:\Users\YoungBeom\source\repos\Project_CloudService\Release\Miracl_StaticLib1.pdb'에서 찾을 수 없습니다. 디버그 정보가 없는 것처럼 개체를 링크합니다.
miracl.lib(mrgcd.obj) : warning LNK4099: 'Miracl_StaticLib1.pdb' PDB를 'miracl.lib(mrgcd.obj)' 또는 'C:\Users\YoungBeom\source\repos\Project_CloudService\Release\Miracl_StaticLib1.pdb'에서 찾을 수 없습니다. 디버그 정보가 없는 것처럼 개체를 링크합니다.
miracl.lib(mrgf2m.obj) : warning LNK4099: 'Miracl_StaticLib1.pdb' PDB를 'miracl.lib(mrgf2m.obj)' 또는 'C:\Users\YoungBeom\source\repos\Project_CloudService\Release\Miracl_StaticLib1.pdb'에서 찾을 수 없습니다. 디버그 정보가 없는 것처럼 개체를 링크합니다.
miracl.lib(mrio1.obj) : warning LNK4099: 'Miracl_StaticLib1.pdb' PDB를 'miracl.lib(mrio1.obj)' 또는 'C:\Users\YoungBeom\source\repos\Project_CloudService\Release\Miracl_StaticLib1.pdb'에서 찾을 수 없습니다. 디버그 정보가 없는 것처럼 개체를 링크합니다.
miracl.lib(mrio2.obj) : warning LNK4099: 'Miracl_StaticLib1.pdb' PDB를 'miracl.lib(mrio2.obj)' 또는 'C:\Users\YoungBeom\source\repos\Project_CloudService\Release\Miracl_StaticLib1.pdb'에서 찾을 수 없습니다. 디버그 정보가 없는 것처럼 개체를 링크합니다.
miracl.lib(mrjack.obj) : warning LNK4099: 'Miracl_StaticLib1.pdb' PDB를 'miracl.lib(mrjack.obj)' 또는 'C:\Users\YoungBeom\source\repos\Project_CloudService\Release\Miracl_StaticLib1.pdb'에서 찾을 수 없습니다. 디버그 정보가 없는 것처럼 개체를 링크합니다.
miracl.lib(mrlucas.obj) : warning LNK4099: 'Miracl_StaticLib1.pdb' PDB를 'miracl.lib(mrlucas.obj)' 또는 'C:\Users\YoungBeom\source\repos\Project_CloudService\Release\Miracl_StaticLib1.pdb'에서 찾을 수 없습니다. 디버그 정보가 없는 것처럼 개체를 링크합니다.
miracl.lib(mrmonty.obj) : warning LNK4099: 'Miracl_StaticLib1.pdb' PDB를 'miracl.lib(mrmonty.obj)' 또는 'C:\Users\YoungBeom\source\repos\Project_CloudService\Release\Miracl_StaticLib1.pdb'에서 찾을 수 없습니다. 디버그 정보가 없는 것처럼 개체를 링크합니다.
miracl.lib(mrmuldv.obj) : warning LNK4099: 'Miracl_StaticLib1.pdb' PDB를 'miracl.lib(mrmuldv.obj)' 또는 'C:\Users\YoungBeom\source\repos\Project_CloudService\Release\Miracl_StaticLib1.pdb'에서 찾을 수 없습니다. 디버그 정보가 없는 것처럼 개체를 링크합니다.
miracl.lib(mrpower.obj) : warning LNK4099: 'Miracl_StaticLib1.pdb' PDB를 'miracl.lib(mrpower.obj)' 또는 'C:\Users\YoungBeom\source\repos\Project_CloudService\Release\Miracl_StaticLib1.pdb'에서 찾을 수 없습니다. 디버그 정보가 없는 것처럼 개체를 링크합니다.
miracl.lib(mrprime.obj) : warning LNK4099: 'Miracl_StaticLib1.pdb' PDB를 'miracl.lib(mrprime.obj)' 또는 'C:\Users\YoungBeom\source\repos\Project_CloudService\Release\Miracl_StaticLib1.pdb'에서 찾을 수 없습니다. 디버그 정보가 없는 것처럼 개체를 링크합니다.
miracl.lib(mrrand.obj) : warning LNK4099: 'Miracl_StaticLib1.pdb' PDB를 'miracl.lib(mrrand.obj)' 또는 'C:\Users\YoungBeom\source\repos\Project_CloudService\Release\Miracl_StaticLib1.pdb'에서 찾을 수 없습니다. 디버그 정보가 없는 것처럼 개체를 링크합니다.
miracl.lib(mrround.obj) : warning LNK4099: 'Miracl_StaticLib1.pdb' PDB를 'miracl.lib(mrround.obj)' 또는 'C:\Users\YoungBeom\source\repos\Project_CloudService\Release\Miracl_StaticLib1.pdb'에서 찾을 수 없습니다. 디버그 정보가 없는 것처럼 개체를 링크합니다.
miracl.lib(mrscrt.obj) : warning LNK4099: 'Miracl_StaticLib1.pdb' PDB를 'miracl.lib(mrscrt.obj)' 또는 'C:\Users\YoungBeom\source\repos\Project_CloudService\Release\Miracl_StaticLib1.pdb'에서 찾을 수 없습니다. 디버그 정보가 없는 것처럼 개체를 링크합니다.
miracl.lib(mrshs256.obj) : warning LNK4099: 'Miracl_StaticLib1.pdb' PDB를 'miracl.lib(mrshs256.obj)' 또는 'C:\Users\YoungBeom\source\repos\Project_CloudService\Release\Miracl_StaticLib1.pdb'에서 찾을 수 없습니다. 디버그 정보가 없는 것처럼 개체를 링크합니다.
miracl.lib(mrsmall.obj) : warning LNK4099: 'Miracl_StaticLib1.pdb' PDB를 'miracl.lib(mrsmall.obj)' 또는 'C:\Users\YoungBeom\source\repos\Project_CloudService\Release\Miracl_StaticLib1.pdb'에서 찾을 수 없습니다. 디버그 정보가 없는 것처럼 개체를 링크합니다.
miracl.lib(mrsroot.obj) : warning LNK4099: 'Miracl_StaticLib1.pdb' PDB를 'miracl.lib(mrsroot.obj)' 또는 'C:\Users\YoungBeom\source\repos\Project_CloudService\Release\Miracl_StaticLib1.pdb'에서 찾을 수 없습니다. 디버그 정보가 없는 것처럼 개체를 링크합니다.
miracl.lib(mrstrong.obj) : warning LNK4099: 'Miracl_StaticLib1.pdb' PDB를 'miracl.lib(mrstrong.obj)' 또는 'C:\Users\YoungBeom\source\repos\Project_CloudService\Release\Miracl_StaticLib1.pdb'에서 찾을 수 없습니다. 디버그 정보가 없는 것처럼 개체를 링크합니다.
miracl.lib(mrxgcd.obj) : warning LNK4099: 'Miracl_StaticLib1.pdb' PDB를 'miracl.lib(mrxgcd.obj)' 또는 'C:\Users\YoungBeom\source\repos\Project_CloudService\Release\Miracl_StaticLib1.pdb'에서 찾을 수 없습니다. 디버그 정보가 없는 것처럼 개체를 링크합니다.
miracl.lib(mrzzn2.obj) : warning LNK4099: 'Miracl_StaticLib1.pdb' PDB를 'miracl.lib(mrzzn2.obj)' 또는 'C:\Users\YoungBeom\source\repos\Project_CloudService\Release\Miracl_StaticLib1.pdb'에서 찾을 수 없습니다. 디버그 정보가 없는 것처럼 개체를 링크합니다.
miracl.lib(mrzzn2b.obj) : warning LNK4099: 'Miracl_StaticLib1.pdb' PDB를 'miracl.lib(mrzzn2b.obj)' 또는 'C:\Users\YoungBeom\source\repos\Project_CloudService\Release\Miracl_StaticLib1.pdb'에서 찾을 수 없습니다. 디버그 정보가 없는 것처럼 개체를 링크합니다.
miracl.lib(mrzzn4.obj) : warning LNK4099: 'Miracl_StaticLib1.pdb' PDB를 'miracl.lib(mrzzn4.obj)' 또는 'C:\Users\YoungBeom\source\repos\Project_CloudService\Release\Miracl_StaticLib1.pdb'에서 찾을 수 없습니다. 디버그 정보가 없는 것처럼 개체를 링크합니다.
  Project_CloudService.vcxproj -> C:\Users\YoungBeom\source\repos\Project_CloudService\Release\Project_CloudService.exe
