c:\users\youngbeom\source\repos\project_cloudservice\project_cloudservice\debug\vc142.pdb
c:\users\youngbeom\source\repos\project_cloudservice\project_cloudservice\debug\vc142.idb
c:\users\youngbeom\source\repos\project_cloudservice\project_cloudservice\debug\main.obj
c:\users\youngbeom\source\repos\project_cloudservice\project_cloudservice\debug\function.obj
c:\users\youngbeom\source\repos\project_cloudservice\project_cloudservice\debug\zzn.obj
c:\users\youngbeom\source\repos\project_cloudservice\project_cloudservice\debug\ecn.obj
c:\users\youngbeom\source\repos\project_cloudservice\project_cloudservice\debug\zzn4.obj
c:\users\youngbeom\source\repos\project_cloudservice\project_cloudservice\debug\zzn2.obj
c:\users\youngbeom\source\repos\project_cloudservice\project_cloudservice\debug\zzn12a.obj
c:\users\youngbeom\source\repos\project_cloudservice\project_cloudservice\debug\ecn2.obj
c:\users\youngbeom\source\repos\project_cloudservice\project_cloudservice\debug\bn_pair.obj
c:\users\youngbeom\source\repos\project_cloudservice\project_cloudservice\debug\big.obj
c:\users\youngbeom\source\repos\project_cloudservice\project_cloudservice\debug\mrstrong.obj
c:\users\youngbeom\source\repos\project_cloudservice\project_cloudservice\debug\mrshs256.obj
c:\users\youngbeom\source\repos\project_cloudservice\project_cloudservice\debug\mrshs.obj
c:\users\youngbeom\source\repos\project_cloudservice\project_cloudservice\debug\mrio2.obj
c:\users\youngbeom\source\repos\project_cloudservice\project_cloudservice\debug\mrarth1.obj
c:\users\youngbeom\source\repos\project_cloudservice\project_cloudservice\debug\mraes.obj
c:\users\youngbeom\source\repos\project_cloudservice\debug\project_cloudservice.exe
c:\users\youngbeom\source\repos\project_cloudservice\debug\project_cloudservice.ilk
c:\users\youngbeom\source\repos\project_cloudservice\debug\project_cloudservice.pdb
c:\users\youngbeom\source\repos\project_cloudservice\project_cloudservice\debug\project_.2c6ea594.tlog\cl.command.1.tlog
c:\users\youngbeom\source\repos\project_cloudservice\project_cloudservice\debug\project_.2c6ea594.tlog\cl.read.1.tlog
c:\users\youngbeom\source\repos\project_cloudservice\project_cloudservice\debug\project_.2c6ea594.tlog\cl.write.1.tlog
c:\users\youngbeom\source\repos\project_cloudservice\project_cloudservice\debug\project_.2c6ea594.tlog\link.command.1.tlog
c:\users\youngbeom\source\repos\project_cloudservice\project_cloudservice\debug\project_.2c6ea594.tlog\link.read.1.tlog
c:\users\youngbeom\source\repos\project_cloudservice\project_cloudservice\debug\project_.2c6ea594.tlog\link.write.1.tlog
